\BOOKMARK [1][-]{section.1}{\376\377\000P\000r\000o\000j\000e\000c\000t\000\040\000P\000l\000a\000n}{}% 1
\BOOKMARK [2][-]{subsection.1.1}{\376\377\000I\000n\000t\000r\000o\000d\000u\000c\000t\000i\000o\000n}{section.1}% 2
\BOOKMARK [2][-]{subsection.1.2}{\376\377\000P\000r\000o\000c\000e\000s\000s\000\040\000m\000o\000d\000e\000l}{section.1}% 3
\BOOKMARK [2][-]{subsection.1.3}{\376\377\000O\000r\000g\000a\000n\000i\000z\000a\000t\000i\000o\000n\000\040\000o\000f\000\040\000t\000h\000e\000\040\000p\000r\000o\000j\000e\000c\000t}{section.1}% 4
\BOOKMARK [2][-]{subsection.1.4}{\376\377\000S\000t\000a\000n\000d\000a\000r\000d\000s\000,\000\040\000g\000u\000i\000d\000e\000l\000i\000n\000e\000s\000,\000\040\000p\000r\000o\000c\000e\000d\000u\000r\000e\000s}{section.1}% 5
\BOOKMARK [2][-]{subsection.1.5}{\376\377\000M\000a\000n\000a\000g\000e\000m\000e\000n\000t\000\040\000a\000c\000t\000i\000v\000i\000t\000i\000e\000s}{section.1}% 6
\BOOKMARK [2][-]{subsection.1.6}{\376\377\000R\000i\000s\000k\000s}{section.1}% 7
\BOOKMARK [2][-]{subsection.1.7}{\376\377\000S\000t\000a\000f\000f\000i\000n\000g}{section.1}% 8
\BOOKMARK [2][-]{subsection.1.8}{\376\377\000M\000e\000t\000h\000o\000d\000s\000\040\000a\000n\000d\000\040\000t\000e\000c\000h\000i\000n\000i\000q\000u\000e\000s}{section.1}% 9
\BOOKMARK [2][-]{subsection.1.9}{\376\377\000Q\000u\000a\000l\000i\000t\000y\000\040\000a\000s\000s\000u\000r\000a\000n\000c\000e}{section.1}% 10
\BOOKMARK [2][-]{subsection.1.10}{\376\377\000W\000o\000r\000k\000\040\000p\000a\000c\000k\000a\000g\000e\000s}{section.1}% 11
\BOOKMARK [2][-]{subsection.1.11}{\376\377\000R\000e\000s\000o\000u\000r\000c\000e\000s}{section.1}% 12
\BOOKMARK [2][-]{subsection.1.12}{\376\377\000B\000u\000d\000g\000e\000t\000\040\000a\000n\000d\000\040\000s\000c\000h\000e\000d\000u\000l\000e}{section.1}% 13
\BOOKMARK [2][-]{subsection.1.13}{\376\377\000C\000h\000a\000n\000g\000e\000s}{section.1}% 14
\BOOKMARK [2][-]{subsection.1.14}{\376\377\000D\000e\000l\000i\000v\000e\000r\000y}{section.1}% 15
\BOOKMARK [2][-]{subsection.1.15}{\376\377\000P\000e\000o\000p\000l\000e\000\040\000M\000a\000n\000a\000g\000e\000m\000e\000n\000t\000\040\000a\000n\000d\000\040\000T\000e\000a\000m\000\040\000O\000r\000g\000a\000n\000i\000z\000a\000t\000i\000o\000n}{section.1}% 16
\BOOKMARK [2][-]{subsection.1.16}{\376\377\000S\000o\000f\000t\000w\000a\000r\000e\000\040\000Q\000u\000a\000l\000i\000t\000y}{section.1}% 17
\BOOKMARK [3][-]{subsubsection.1.16.1}{\376\377\000C\000M\000M}{subsection.1.16}% 18
\BOOKMARK [3][-]{subsubsection.1.16.2}{\376\377\000I\000S\000O\000\040\0009\0002\0001\0006}{subsection.1.16}% 19
\BOOKMARK [1][-]{section.2}{\376\377\000E\000x\000t\000e\000r\000n\000a\000l\000\040\000a\000n\000d\000\040\000i\000n\000t\000e\000r\000n\000a\000l\000\040\000q\000u\000a\000l\000i\000t\000y}{}% 20
\BOOKMARK [2][-]{subsection.2.1}{\376\377\000F\000u\000n\000c\000t\000i\000o\000n\000a\000l\000i\000t\000y}{section.2}% 21
\BOOKMARK [2][-]{subsection.2.2}{\376\377\000R\000e\000l\000i\000a\000b\000i\000l\000i\000t\000y}{section.2}% 22
\BOOKMARK [2][-]{subsection.2.3}{\376\377\000U\000s\000a\000b\000i\000l\000i\000t\000y}{section.2}% 23
\BOOKMARK [2][-]{subsection.2.4}{\376\377\000E\000f\000f\000i\000c\000i\000e\000n\000c\000y}{section.2}% 24
\BOOKMARK [2][-]{subsection.2.5}{\376\377\000M\000a\000i\000n\000t\000a\000n\000a\000b\000i\000l\000i\000t\000y}{section.2}% 25
\BOOKMARK [2][-]{subsection.2.6}{\376\377\000P\000o\000r\000t\000a\000b\000i\000l\000i\000t\000y}{section.2}% 26
\BOOKMARK [1][-]{section.3}{\376\377\000Q\000u\000a\000l\000i\000t\000y\000\040\000i\000n\000\040\000u\000s\000e\000\040\000M\000o\000d\000e\000l}{}% 27
\BOOKMARK [1][-]{section.4}{\376\377\000R\000e\000q\000u\000i\000r\000e\000m\000e\000n\000t\000\040\000E\000n\000g\000e\000n\000e\000e\000r\000i\000n\000g\000-\000I\000E\000E\0008\0003\0000}{}% 28
\BOOKMARK [2][-]{subsection.4.1}{\376\377\000P\000u\000r\000p\000o\000s\000e}{section.4}% 29
\BOOKMARK [2][-]{subsection.4.2}{\376\377\000S\000c\000o\000p\000e}{section.4}% 30
\BOOKMARK [2][-]{subsection.4.3}{\376\377\000D\000e\000f\000i\000n\000i\000t\000i\000o\000n\000s\000,\000\040\000a\000c\000r\000o\000n\000y\000m\000s\000\040\000a\000n\000d\000\040\000a\000b\000b\000r\000e\000v\000i\000a\000t\000i\000o\000n\000s\000\040}{section.4}% 31
\BOOKMARK [2][-]{subsection.4.4}{\376\377\000R\000e\000f\000e\000r\000e\000n\000c\000e\000s}{section.4}% 32
\BOOKMARK [2][-]{subsection.4.5}{\376\377\000O\000v\000e\000r\000v\000i\000e\000w}{section.4}% 33
\BOOKMARK [1][-]{section.5}{\376\377\000O\000v\000e\000r\000a\000l\000l\000\040\000d\000e\000s\000c\000r\000i\000p\000t\000i\000o\000n}{}% 34
\BOOKMARK [2][-]{subsection.5.1}{\376\377\000P\000r\000o\000d\000u\000c\000t\000\040\000p\000e\000r\000s\000p\000e\000c\000t\000i\000v\000e}{section.5}% 35
\BOOKMARK [2][-]{subsection.5.2}{\376\377\000P\000r\000o\000d\000u\000c\000t\000\040\000f\000u\000n\000c\000t\000i\000o\000n\000s}{section.5}% 36
\BOOKMARK [2][-]{subsection.5.3}{\376\377\000U\000s\000e\000r\000\040\000c\000h\000a\000r\000a\000c\000t\000e\000r\000i\000s\000t\000i\000c\000s}{section.5}% 37
\BOOKMARK [2][-]{subsection.5.4}{\376\377\000C\000o\000n\000s\000t\000r\000a\000i\000n\000t\000s}{section.5}% 38
\BOOKMARK [2][-]{subsection.5.5}{\376\377\000A\000s\000s\000u\000m\000p\000t\000i\000o\000n\000s\000\040\000a\000n\000d\000\040\000d\000e\000p\000e\000n\000d\000e\000n\000c\000i\000e\000s}{section.5}% 39
\BOOKMARK [2][-]{subsection.5.6}{\376\377\000R\000e\000q\000u\000i\000r\000e\000m\000e\000n\000t\000s\000\040\000s\000u\000b\000s\000e\000t\000s}{section.5}% 40
\BOOKMARK [1][-]{section.6}{\376\377\000S\000p\000e\000c\000i\000f\000i\000c\000\040\000r\000e\000q\000u\000i\000r\000e\000m\000e\000n\000t\000s}{}% 41
\BOOKMARK [2][-]{subsection.6.1}{\376\377\000K\000a\000n\000o\000\040\000m\000o\000d\000e\000l}{section.6}% 42
\BOOKMARK [3][-]{subsubsection.6.1.1}{\376\377\000A\000t\000t\000r\000a\000c\000t\000i\000v\000e\000:}{subsection.6.1}% 43
\BOOKMARK [3][-]{subsubsection.6.1.2}{\376\377\000M\000u\000s\000t\000-\000b\000e\000:}{subsection.6.1}% 44
\BOOKMARK [3][-]{subsubsection.6.1.3}{\376\377\000O\000n\000e\000-\000D\000i\000m\000e\000n\000s\000i\000o\000n\000a\000l}{subsection.6.1}% 45
\BOOKMARK [3][-]{subsubsection.6.1.4}{\376\377\000i\000n\000d\000i\000f\000f\000e\000r\000e\000n\000t\000:}{subsection.6.1}% 46
\BOOKMARK [3][-]{subsubsection.6.1.5}{\376\377\000R\000e\000v\000e\000r\000s\000e\000:}{subsection.6.1}% 47
\BOOKMARK [3][-]{subsubsection.6.1.6}{\376\377\000Q\000u\000e\000s\000t\000i\000o\000n\000a\000b\000l\000e\000:}{subsection.6.1}% 48
\BOOKMARK [2][-]{subsection.6.2}{\376\377\000M\000o\000S\000C\000o\000W}{section.6}% 49
\BOOKMARK [2][-]{subsection.6.3}{\376\377\000M\000u\000s\000t\000\040\000h\000a\000v\000e\000s}{section.6}% 50
\BOOKMARK [2][-]{subsection.6.4}{\376\377\000S\000h\000o\000u\000l\000d\000\040\000h\000a\000v\000e\000s}{section.6}% 51
\BOOKMARK [2][-]{subsection.6.5}{\376\377\000C\000o\000u\000l\000d\000\040\000h\000a\000v\000e\000s}{section.6}% 52
\BOOKMARK [2][-]{subsection.6.6}{\376\377\000W\000o\000n\000'\000t\000\040\000h\000a\000v\000e\000s}{section.6}% 53
\BOOKMARK [1][-]{section.7}{\376\377\000S\000o\000f\000t\000w\000a\000r\000e\000\040\000q\000u\000a\000l\000i\000t\000y}{}% 54
\BOOKMARK [2][-]{subsection.7.1}{\376\377\000I\000n\000t\000r\000o\000d\000u\000z\000i\000o\000n\000e\000\040\000a\000l\000l\000a\000\040\000T\000a\000x\000o\000n\000o\000m\000y\000\040\000q\000u\000a\000l\000i\000t\000y}{section.7}% 55
\BOOKMARK [2][-]{subsection.7.2}{\376\377\000P\000r\000o\000d\000u\000c\000t\000\040\000o\000p\000e\000r\000a\000t\000i\000o\000n}{section.7}% 56
\BOOKMARK [2][-]{subsection.7.3}{\376\377\000P\000r\000o\000d\000u\000c\000t\000\040\000r\000e\000v\000i\000s\000i\000o\000n}{section.7}% 57
\BOOKMARK [2][-]{subsection.7.4}{\376\377\000P\000r\000o\000d\000u\000c\000t\000\040\000t\000r\000a\000n\000s\000i\000t\000i\000o\000n}{section.7}% 58
\BOOKMARK [2][-]{subsection.7.5}{\376\377\000Q\000u\000a\000l\000i\000t\000\340\000\040\000p\000e\000r\000\040\000i\000l\000\040\000c\000o\000d\000i\000c\000e\000\040\000i\000n\000\040\000D\000a\000r\000t}{section.7}% 59
\BOOKMARK [1][-]{section.8}{\376\377\000S\000o\000f\000t\000w\000a\000r\000e\000\040\000A\000r\000c\000h\000i\000t\000e\000c\000t\000u\000r\000e}{}% 60
\BOOKMARK [2][-]{subsection.8.1}{\376\377\000A\000r\000c\000h\000i\000t\000e\000c\000t\000u\000r\000e\000\040\000d\000e\000s\000i\000g\000n\000\040\000m\000e\000t\000o\000d\000\040}{section.8}% 61
\BOOKMARK [2][-]{subsection.8.2}{\376\377\000D\000e\000c\000i\000s\000i\000o\000n\000i\000\040\000d\000i\000\040\000d\000e\000s\000i\000g\000n}{section.8}% 62
\BOOKMARK [2][-]{subsection.8.3}{\376\377\000D\000e\000c\000i\000s\000i\000o\000n\000\040\0001}{section.8}% 63
\BOOKMARK [2][-]{subsection.8.4}{\376\377\000R\000a\000p\000p\000r\000e\000s\000e\000n\000t\000a\000z\000i\000o\000n\000e\000\040\000a\000r\000c\000h\000i\000t\000e\000t\000t\000u\000r\000a\000\040\000c\000o\000n\000\040\000I\000E\000E\000E\000\040\0001\0004\0007\0001}{section.8}% 64
\BOOKMARK [3][-]{subsubsection.8.4.1}{\376\377\000M\000o\000d\000u\000l\000e\000\040\000V\000i\000e\000w}{subsection.8.4}% 65
\BOOKMARK [3][-]{subsubsection.8.4.2}{\376\377\000C\000o\000m\000p\000o\000n\000e\000n\000t\000\040\000a\000n\000d\000\040\000c\000o\000n\000n\000e\000c\000t\000o\000r\000\040\000V\000i\000e\000w}{subsection.8.4}% 66
\BOOKMARK [3][-]{subsubsection.8.4.3}{\376\377\000A\000l\000l\000o\000c\000a\000t\000i\000o\000n\000\040\000V\000i\000e\000w}{subsection.8.4}% 67
\BOOKMARK [1][-]{section.9}{\376\377\000S\000o\000f\000t\000w\000a\000r\000e\000\040\000D\000e\000s\000i\000g\000n}{}% 68
\BOOKMARK [1][-]{section.10}{\376\377\000S\000o\000f\000t\000w\000a\000r\000e\000\040\000T\000e\000s\000t\000i\000n\000g}{}% 69
\BOOKMARK [2][-]{subsubsection.10.0.1}{\376\377\000I\000E\000E\000E\0009\0002\0008}{section.10}% 70
\BOOKMARK [3][-]{subsubsection.10.0.2}{\376\377\000P\000r\000e\000p\000a\000r\000a\000t\000i\000o\000n\000\040\000o\000f\000\040\000t\000e\000s\000t\000s}{subsubsection.10.0.1}% 71
\BOOKMARK [3][-]{subsubsection.10.0.3}{\376\377\000R\000u\000n\000n\000i\000n\000g\000\040\000t\000h\000e\000\040\000t\000e\000s\000t\000s}{subsubsection.10.0.1}% 72
\BOOKMARK [3][-]{subsubsection.10.0.4}{\376\377\000C\000o\000m\000p\000l\000e\000t\000i\000o\000n\000\040\000o\000f\000\040\000t\000e\000s\000t\000i\000n\000g}{subsubsection.10.0.1}% 73
\BOOKMARK [2][-]{subsection.10.1}{\376\377\000S\000o\000f\000t\000w\000a\000r\000e\000\040\000M\000a\000i\000n\000t\000e\000n\000a\000n\000c\000e}{section.10}% 74
